<<<<<<< HEAD
<<<<<<< HEAD
<<<<<<< HEAD
<<<<<<< HEAD
\BOOKMARK [1][-]{section.0.1}{\376\377\000C\000o\000n\000t\000e\000x\000t\000u\000a\000l\000i\000z\000a\000\347\000\343\000o\000\040\000e\000\040\000R\000e\000l\000e\000v\000\342\000n\000c\000i\000a}{}% 1
\BOOKMARK [1][-]{section.0.2}{\376\377\000O\000b\000j\000e\000t\000i\000v\000o\000s\000\040\000e\000\040\000E\000s\000c\000o\000p\000o}{}% 2
\BOOKMARK [0][-]{chapter.1}{\376\377\000F\000u\000n\000d\000a\000m\000e\000n\000t\000a\000\347\000\343\000o\000\040\000T\000e\000\363\000r\000i\000c\000a}{}% 3
\BOOKMARK [1][-]{section.1.1}{\376\377\000P\000r\000o\000b\000l\000e\000m\000a\000\040\000d\000o\000\040\000C\000a\000i\000x\000e\000i\000r\000o\000\040\000V\000i\000a\000j\000a\000n\000t\000e\000\040\000\050\000T\000S\000P\000\051}{chapter.1}% 4
\BOOKMARK [1][-]{section.1.2}{\376\377\000E\000x\000t\000e\000n\000s\000\365\000e\000s\000\040\000d\000o\000\040\000T\000S\000P}{chapter.1}% 5
\BOOKMARK [1][-]{section.1.3}{\376\377\000D\000e\000f\000i\000n\000i\000\347\000\343\000o\000\040\000F\000o\000r\000m\000a\000l\000\040\000d\000o\000\040\000P\000r\000o\000b\000l\000e\000m\000a}{chapter.1}% 6
\BOOKMARK [1][-]{section.1.4}{\376\377\000C\000o\000m\000p\000l\000e\000x\000i\000d\000a\000d\000e\000\040\000C\000o\000m\000p\000u\000t\000a\000c\000i\000o\000n\000a\000l}{chapter.1}% 7
\BOOKMARK [0][-]{chapter.2}{\376\377\000M\000o\000d\000e\000l\000a\000g\000e\000m\000\040\000M\000a\000t\000e\000m\000\341\000t\000i\000c\000a}{}% 8
\BOOKMARK [1][-]{section.2.1}{\376\377\000V\000a\000r\000i\000\341\000v\000e\000i\000s\000\040\000d\000e\000\040\000D\000e\000c\000i\000s\000\343\000o}{chapter.2}% 9
\BOOKMARK [1][-]{section.2.2}{\376\377\000F\000u\000n\000\347\000\343\000o\000\040\000O\000b\000j\000e\000t\000i\000v\000o}{chapter.2}% 10
\BOOKMARK [1][-]{section.2.3}{\376\377\000R\000e\000s\000t\000r\000i\000\347\000\365\000e\000s\000\040\000d\000e\000\040\000F\000l\000u\000x\000o}{chapter.2}% 11
\BOOKMARK [1][-]{section.2.4}{\376\377\000R\000e\000s\000t\000r\000i\000\347\000\365\000e\000s\000\040\000d\000e\000\040\000C\000o\000n\000e\000c\000t\000i\000v\000i\000d\000a\000d\000e}{chapter.2}% 12
\BOOKMARK [2][-]{subsection.2.4.1}{\376\377\000R\000e\000s\000t\000r\000i\000\347\000\365\000e\000s\000\040\000d\000e\000\040\000P\000a\000s\000s\000a\000g\000e\000i\000r\000o\000s}{section.2.4}% 13
\BOOKMARK [0][-]{chapter.3}{\376\377\000M\000\351\000t\000o\000d\000o\000s\000\040\000d\000e\000\040\000R\000e\000s\000o\000l\000u\000\347\000\343\000o}{}% 14
\BOOKMARK [1][-]{section.3.1}{\376\377\000I\000n\000t\000r\000o\000d\000u\000\347\000\343\000o}{chapter.3}% 15
\BOOKMARK [1][-]{section.3.2}{\376\377\000M\000\351\000t\000o\000d\000o\000s\000\040\000U\000t\000i\000l\000i\000z\000a\000d\000o\000s}{chapter.3}% 16
\BOOKMARK [0][-]{chapter.4}{\376\377\000R\000e\000s\000u\000l\000t\000a\000d\000o\000s\000\040\000e\000\040\000D\000i\000s\000c\000u\000s\000s\000\343\000o}{}% 17
\BOOKMARK [1][-]{section.4.1}{\376\377\000R\000e\000s\000u\000l\000t\000a\000d\000o\000s\000\040\000C\000o\000m\000p\000u\000t\000a\000c\000i\000o\000n\000a\000i\000s}{chapter.4}% 18
\BOOKMARK [2][-]{subsection.4.1.1}{\376\377\000P\000r\000o\000c\000e\000s\000s\000o\000\040\000d\000e\000\040\000C\000o\000n\000s\000t\000r\000u\000\347\000\343\000o\000\040\000d\000a\000\040\000S\000o\000l\000u\000\347\000\343\000o}{section.4.1}% 19
\BOOKMARK [1][-]{section.4.2}{\376\377\000D\000i\000s\000c\000u\000s\000s\000\343\000o}{chapter.4}% 20
\BOOKMARK [2][-]{subsection.4.2.1}{\376\377\000L\000i\000m\000i\000t\000a\000\347\000\365\000e\000s\000\040\000e\000\040\000D\000e\000s\000a\000f\000i\000o\000s}{section.4.2}% 21
\BOOKMARK [0][-]{chapter.5}{\376\377\000C\000o\000n\000c\000l\000u\000s\000\343\000o}{}% 22
\BOOKMARK [1][-]{section.5.1}{\376\377\000C\000o\000n\000s\000i\000d\000e\000r\000a\000\347\000\365\000e\000s\000\040\000F\000i\000n\000a\000i\000s}{chapter.5}% 23
\BOOKMARK [0][-]{section.5.1}{\376\377\000R\000e\000f\000e\000r\000\352\000n\000c\000i\000a\000s\000\040\000B\000i\000b\000l\000i\000o\000g\000r\000\341\000f\000i\000c\000a\000s}{}% 24
=======
\BOOKMARK [0][-]{chapter.1}{\376\377\000I\000n\000t\000r\000o\000d\000u\000\347\000\343\000o}{}% 1
\BOOKMARK [0][-]{chapter.2}{\376\377\000F\000u\000n\000d\000a\000m\000e\000n\000t\000a\000\347\000\343\000o\000\040\000T\000e\000\363\000r\000i\000c\000a}{}% 2
\BOOKMARK [1][-]{section.2.1}{\376\377\000P\000r\000o\000b\000l\000e\000m\000a\000\040\000d\000o\000\040\000C\000a\000i\000x\000e\000i\000r\000o\000\040\000V\000i\000a\000j\000a\000n\000t\000e\000\040\000\050\000T\000S\000P\000\051}{chapter.2}% 3
\BOOKMARK [1][-]{section.2.2}{\376\377\000E\000x\000t\000e\000n\000s\000\365\000e\000s\000\040\000d\000o\000\040\000T\000S\000P}{chapter.2}% 4
\BOOKMARK [1][-]{section.2.3}{\376\377\000D\000e\000f\000i\000n\000i\000\347\000\343\000o\000\040\000F\000o\000r\000m\000a\000l\000\040\000d\000o\000\040\000P\000r\000o\000b\000l\000e\000m\000a}{chapter.2}% 5
\BOOKMARK [0][-]{chapter.3}{\376\377\000M\000o\000d\000e\000l\000a\000g\000e\000m\000\040\000M\000a\000t\000e\000m\000\341\000t\000i\000c\000a}{}% 6
\BOOKMARK [1][-]{section.3.1}{\376\377\000V\000a\000r\000i\000\341\000v\000e\000i\000s\000\040\000d\000e\000\040\000D\000e\000c\000i\000s\000\343\000o}{chapter.3}% 7
\BOOKMARK [1][-]{section.3.2}{\376\377\000F\000u\000n\000\347\000\343\000o\000\040\000O\000b\000j\000e\000t\000i\000v\000o}{chapter.3}% 8
\BOOKMARK [1][-]{section.3.3}{\376\377\000R\000e\000s\000t\000r\000i\000\347\000\365\000e\000s}{chapter.3}% 9
\BOOKMARK [0][-]{chapter.4}{\376\377\000M\000\351\000t\000o\000d\000o\000s\000\040\000d\000e\000\040\000R\000e\000s\000o\000l\000u\000\347\000\343\000o}{}% 10
\BOOKMARK [1][-]{section.4.1}{\376\377\000M\000\351\000t\000o\000d\000o\000s\000\040\000E\000x\000a\000t\000o\000s}{chapter.4}% 11
\BOOKMARK [1][-]{section.4.2}{\376\377\000H\000e\000u\000r\000\355\000s\000t\000i\000c\000a\000s}{chapter.4}% 12
\BOOKMARK [1][-]{section.4.3}{\376\377\000M\000e\000t\000a\000h\000e\000u\000r\000\355\000s\000t\000i\000c\000a\000s}{chapter.4}% 13
\BOOKMARK [0][-]{chapter.5}{\376\377\000R\000e\000s\000u\000l\000t\000a\000d\000o\000s\000\040\000e\000\040\000D\000i\000s\000c\000u\000s\000s\000\343\000o}{}% 14
\BOOKMARK [1][-]{section.5.1}{\376\377\000R\000e\000s\000u\000l\000t\000a\000d\000o\000s\000\040\000C\000o\000m\000p\000u\000t\000a\000c\000i\000o\000n\000a\000i\000s}{chapter.5}% 15
\BOOKMARK [1][-]{section.5.2}{\376\377\000D\000i\000s\000c\000u\000s\000s\000\343\000o}{chapter.5}% 16
\BOOKMARK [0][-]{chapter.6}{\376\377\000C\000o\000n\000c\000l\000u\000s\000\343\000o}{}% 17
>>>>>>> bdced56 (first commit)
=======
\BOOKMARK [0][-]{chapter.1}{\376\377\000F\000u\000n\000d\000a\000m\000e\000n\000t\000a\000\347\000\343\000o\000\040\000T\000e\000\363\000r\000i\000c\000a}{}% 1
\BOOKMARK [1][-]{section.1.1}{\376\377\000P\000r\000o\000b\000l\000e\000m\000a\000\040\000d\000o\000\040\000C\000a\000i\000x\000e\000i\000r\000o\000\040\000V\000i\000a\000j\000a\000n\000t\000e\000\040\000\050\000T\000S\000P\000\051}{chapter.1}% 2
\BOOKMARK [1][-]{section.1.2}{\376\377\000E\000x\000t\000e\000n\000s\000\365\000e\000s\000\040\000d\000o\000\040\000T\000S\000P}{chapter.1}% 3
\BOOKMARK [1][-]{section.1.3}{\376\377\000D\000e\000f\000i\000n\000i\000\347\000\343\000o\000\040\000F\000o\000r\000m\000a\000l\000\040\000d\000o\000\040\000P\000r\000o\000b\000l\000e\000m\000a}{chapter.1}% 4
\BOOKMARK [0][-]{chapter.2}{\376\377\000M\000o\000d\000e\000l\000a\000g\000e\000m\000\040\000M\000a\000t\000e\000m\000\341\000t\000i\000c\000a}{}% 5
\BOOKMARK [1][-]{section.2.1}{\376\377\000V\000a\000r\000i\000\341\000v\000e\000i\000s\000\040\000d\000e\000\040\000D\000e\000c\000i\000s\000\343\000o}{chapter.2}% 6
\BOOKMARK [1][-]{section.2.2}{\376\377\000F\000u\000n\000\347\000\343\000o\000\040\000O\000b\000j\000e\000t\000i\000v\000o}{chapter.2}% 7
\BOOKMARK [1][-]{section.2.3}{\376\377\000R\000e\000s\000t\000r\000i\000\347\000\365\000e\000s}{chapter.2}% 8
\BOOKMARK [0][-]{chapter.3}{\376\377\000M\000\351\000t\000o\000d\000o\000s\000\040\000d\000e\000\040\000R\000e\000s\000o\000l\000u\000\347\000\343\000o}{}% 9
\BOOKMARK [1][-]{section.3.1}{\376\377\000M\000\351\000t\000o\000d\000o\000s\000\040\000E\000x\000a\000t\000o\000s}{chapter.3}% 10
\BOOKMARK [1][-]{section.3.2}{\376\377\000H\000e\000u\000r\000\355\000s\000t\000i\000c\000a\000s}{chapter.3}% 11
\BOOKMARK [1][-]{section.3.3}{\376\377\000M\000e\000t\000a\000h\000e\000u\000r\000\355\000s\000t\000i\000c\000a\000s}{chapter.3}% 12
\BOOKMARK [0][-]{chapter.4}{\376\377\000R\000e\000s\000u\000l\000t\000a\000d\000o\000s\000\040\000e\000\040\000D\000i\000s\000c\000u\000s\000s\000\343\000o}{}% 13
\BOOKMARK [1][-]{section.4.1}{\376\377\000R\000e\000s\000u\000l\000t\000a\000d\000o\000s\000\040\000C\000o\000m\000p\000u\000t\000a\000c\000i\000o\000n\000a\000i\000s}{chapter.4}% 14
\BOOKMARK [1][-]{section.4.2}{\376\377\000D\000i\000s\000c\000u\000s\000s\000\343\000o}{chapter.4}% 15
\BOOKMARK [0][-]{chapter.5}{\376\377\000C\000o\000n\000c\000l\000u\000s\000\343\000o}{}% 16
>>>>>>> 880426d ()
=======
\BOOKMARK [1][-]{section*.2}{\376\377\000I\000n\000t\000r\000o\000d\000u\000\347\000\343\000o}{}% 1
<<<<<<< HEAD
\BOOKMARK [0][-]{chapter.1}{\376\377\000F\000u\000n\000d\000a\000m\000e\000n\000t\000a\000\347\000\343\000o\000\040\000T\000e\000\363\000r\000i\000c\000a}{}% 2
\BOOKMARK [1][-]{section.1.1}{\376\377\000P\000r\000o\000b\000l\000e\000m\000a\000\040\000d\000o\000\040\000C\000a\000i\000x\000e\000i\000r\000o\000\040\000V\000i\000a\000j\000a\000n\000t\000e\000\040\000\050\000T\000S\000P\000\051}{chapter.1}% 3
\BOOKMARK [1][-]{section.1.2}{\376\377\000E\000x\000t\000e\000n\000s\000\365\000e\000s\000\040\000d\000o\000\040\000T\000S\000P}{chapter.1}% 4
\BOOKMARK [1][-]{section.1.3}{\376\377\000D\000e\000f\000i\000n\000i\000\347\000\343\000o\000\040\000F\000o\000r\000m\000a\000l\000\040\000d\000o\000\040\000P\000r\000o\000b\000l\000e\000m\000a}{chapter.1}% 5
\BOOKMARK [0][-]{chapter.2}{\376\377\000M\000o\000d\000e\000l\000a\000g\000e\000m\000\040\000M\000a\000t\000e\000m\000\341\000t\000i\000c\000a}{}% 6
\BOOKMARK [1][-]{section.2.1}{\376\377\000V\000a\000r\000i\000\341\000v\000e\000i\000s\000\040\000d\000e\000\040\000D\000e\000c\000i\000s\000\343\000o}{chapter.2}% 7
\BOOKMARK [1][-]{section.2.2}{\376\377\000F\000u\000n\000\347\000\343\000o\000\040\000O\000b\000j\000e\000t\000i\000v\000o}{chapter.2}% 8
\BOOKMARK [1][-]{section.2.3}{\376\377\000R\000e\000s\000t\000r\000i\000\347\000\365\000e\000s}{chapter.2}% 9
\BOOKMARK [0][-]{chapter.3}{\376\377\000M\000\351\000t\000o\000d\000o\000s\000\040\000d\000e\000\040\000R\000e\000s\000o\000l\000u\000\347\000\343\000o}{}% 10
\BOOKMARK [1][-]{section.3.1}{\376\377\000M\000\351\000t\000o\000d\000o\000s\000\040\000E\000x\000a\000t\000o\000s}{chapter.3}% 11
\BOOKMARK [1][-]{section.3.2}{\376\377\000H\000e\000u\000r\000\355\000s\000t\000i\000c\000a\000s}{chapter.3}% 12
\BOOKMARK [1][-]{section.3.3}{\376\377\000M\000e\000t\000a\000h\000e\000u\000r\000\355\000s\000t\000i\000c\000a\000s}{chapter.3}% 13
\BOOKMARK [0][-]{chapter.4}{\376\377\000R\000e\000s\000u\000l\000t\000a\000d\000o\000s\000\040\000e\000\040\000D\000i\000s\000c\000u\000s\000s\000\343\000o}{}% 14
\BOOKMARK [1][-]{section.4.1}{\376\377\000R\000e\000s\000u\000l\000t\000a\000d\000o\000s\000\040\000C\000o\000m\000p\000u\000t\000a\000c\000i\000o\000n\000a\000i\000s}{chapter.4}% 15
\BOOKMARK [1][-]{section.4.2}{\376\377\000D\000i\000s\000c\000u\000s\000s\000\343\000o}{chapter.4}% 16
\BOOKMARK [0][-]{chapter.5}{\376\377\000C\000o\000n\000c\000l\000u\000s\000\343\000o}{}% 17
>>>>>>> d4291a5 ()
=======
\BOOKMARK [1][-]{section*.4}{\376\377\000E\000s\000t\000r\000u\000t\000u\000r\000a\000\040\000d\000o\000\040\000T\000r\000a\000b\000a\000l\000h\000o}{}% 2
\BOOKMARK [0][-]{chapter.1}{\376\377\000F\000u\000n\000d\000a\000m\000e\000n\000t\000a\000\347\000\343\000o\000\040\000T\000e\000\363\000r\000i\000c\000a}{}% 3
\BOOKMARK [1][-]{section.1.1}{\376\377\000C\000a\000m\000i\000n\000h\000o\000s\000\040\000e\000\040\000C\000i\000c\000l\000o\000s\000\040\000E\000u\000l\000e\000r\000i\000a\000n\000o\000s\000:\000\040\000M\000o\000t\000i\000v\000a\000\347\000\343\000o\000\040\000H\000i\000s\000t\000\363\000r\000i\000c\000a}{chapter.1}% 4
\BOOKMARK [1][-]{section.1.2}{\376\377\000C\000i\000c\000l\000o\000s\000\040\000H\000a\000m\000i\000l\000t\000o\000n\000i\000a\000n\000o\000s\000\040\000e\000\040\000o\000\040\000T\000S\000P}{chapter.1}% 5
\BOOKMARK [0][-]{chapter.2}{\376\377\000T\000S\000P\000\040\000e\000\040\000S\000u\000a\000s\000\040\000V\000a\000r\000i\000a\000\347\000\365\000e\000s}{}% 6
\BOOKMARK [1][-]{section.2.1}{\376\377\000P\000r\000o\000b\000l\000e\000m\000a\000\040\000d\000o\000\040\000C\000a\000i\000x\000e\000i\000r\000o\000\040\000V\000i\000a\000j\000a\000n\000t\000e\000\040\000\050\000T\000S\000P\000\051}{chapter.2}% 7
\BOOKMARK [1][-]{section.2.2}{\376\377\000T\000S\000P\000\040\000c\000o\000m\000\040\000B\000\364\000n\000u\000s}{chapter.2}% 8
\BOOKMARK [1][-]{section.2.3}{\376\377\000T\000S\000P\000\040\000c\000o\000m\000\040\000B\000\364\000n\000u\000s\000\040\000e\000\040\000P\000a\000s\000s\000a\000g\000e\000i\000r\000o\000s\000\040\000\050\000T\000S\000P\000-\000O\000B\000P\000\051}{chapter.2}% 9
\BOOKMARK [0][-]{chapter.3}{\376\377\000M\000o\000d\000e\000l\000a\000g\000e\000m\000\040\000M\000a\000t\000e\000m\000\341\000t\000i\000c\000a\000\040\000e\000\040\000C\000o\000n\000c\000e\000i\000t\000o\000s\000\040\000F\000u\000n\000d\000a\000m\000e\000n\000t\000a\000i\000s}{}% 10
\BOOKMARK [1][-]{section.3.1}{\376\377\000D\000e\000f\000i\000n\000i\000\347\000\343\000o\000\040\000F\000o\000r\000m\000a\000l\000\040\000d\000o\000\040\000T\000S\000P\000-\000O\000B\000P}{chapter.3}% 11
\BOOKMARK [1][-]{section.3.2}{\376\377\000R\000e\000l\000a\000\347\000\343\000o\000\040\000c\000o\000m\000\040\000S\000u\000b\000p\000r\000o\000b\000l\000e\000m\000a\000s\000\040\000d\000e\000\040\000F\000l\000u\000x\000o\000\040\000e\000\040\000C\000o\000r\000r\000e\000s\000p\000o\000n\000d\000\352\000n\000c\000i\000a}{chapter.3}% 12
\BOOKMARK [0][-]{chapter.4}{\376\377\000M\000\351\000t\000o\000d\000o\000s\000\040\000d\000e\000\040\000R\000e\000s\000o\000l\000u\000\347\000\343\000o}{}% 13
\BOOKMARK [1][-]{section.4.1}{\376\377\000M\000\351\000t\000o\000d\000o\000s\000\040\000E\000x\000a\000t\000o\000s}{chapter.4}% 14
\BOOKMARK [2][-]{subsection.4.1.1}{\376\377\000B\000r\000a\000n\000c\000h\000\040\000a\000n\000d\000\040\000B\000o\000u\000n\000d\000\040\000/\000\040\000B\000r\000a\000n\000c\000h\000\040\000a\000n\000d\000\040\000C\000u\000t}{section.4.1}% 15
\BOOKMARK [2][-]{subsection.4.1.2}{\376\377\000F\000o\000r\000m\000u\000l\000a\000\347\000\365\000e\000s\000\040\000e\000m\000\040\000P\000r\000o\000g\000r\000a\000m\000a\000\347\000\343\000o\000\040\000L\000i\000n\000e\000a\000r\000\040\000I\000n\000t\000e\000i\000r\000a\000\040\000\050\000I\000L\000P\000/\000M\000I\000L\000P\000\051}{section.4.1}% 16
\BOOKMARK [1][-]{section.4.2}{\376\377\000H\000e\000u\000r\000\355\000s\000t\000i\000c\000a\000s\000\040\000e\000\040\000M\000e\000t\000a\000h\000e\000u\000r\000\355\000s\000t\000i\000c\000a\000s}{chapter.4}% 17
\BOOKMARK [2][-]{subsection.4.2.1}{\376\377\000C\000o\000n\000s\000t\000r\000u\000\347\000\343\000o\000\040\000G\000r\000i\000t\000o\000s\000a\000\040\000\050\000G\000u\000l\000o\000s\000a\000\051}{section.4.2}% 18
\BOOKMARK [2][-]{subsection.4.2.2}{\376\377\000B\000u\000s\000c\000a\000s\000\040\000B\000a\000s\000e\000a\000d\000a\000s\000\040\000e\000m\000\040\000P\000o\000p\000u\000l\000a\000\347\000\343\000o}{section.4.2}% 19
\BOOKMARK [0][-]{chapter.5}{\376\377\000R\000e\000s\000u\000l\000t\000a\000d\000o\000s\000\040\000e\000\040\000D\000i\000s\000c\000u\000s\000s\000\343\000o}{}% 20
\BOOKMARK [1][-]{section.5.1}{\376\377\000P\000e\000r\000s\000p\000e\000c\000t\000i\000v\000a\000\040\000T\000e\000\363\000r\000i\000c\000a}{chapter.5}% 21
\BOOKMARK [1][-]{section.5.2}{\376\377\000C\000o\000m\000p\000a\000r\000a\000\347\000\365\000e\000s\000\040\000e\000\040\000T\000r\000a\000d\000e\000-\000o\000f\000f\000s}{chapter.5}% 22
\BOOKMARK [0][-]{chapter.6}{\376\377\000C\000o\000n\000c\000l\000u\000s\000\343\000o}{}% 23
>>>>>>> c129bce ()
=======
\BOOKMARK [0][-]{chapter.1}{\376\377\000I\000n\000t\000r\000o\000d\000u\000\347\000\343\000o}{}% 1
\BOOKMARK [1][-]{section.1.1}{\376\377\000C\000o\000n\000t\000e\000x\000t\000u\000a\000l\000i\000z\000a\000\347\000\343\000o\000\040\000e\000\040\000R\000e\000l\000e\000v\000\342\000n\000c\000i\000a}{chapter.1}% 2
\BOOKMARK [1][-]{section.1.2}{\376\377\000O\000b\000j\000e\000t\000i\000v\000o\000s\000\040\000e\000\040\000E\000s\000c\000o\000p\000o}{chapter.1}% 3
\BOOKMARK [0][-]{chapter.2}{\376\377\000F\000u\000n\000d\000a\000m\000e\000n\000t\000a\000\347\000\343\000o\000\040\000T\000e\000\363\000r\000i\000c\000a}{}% 4
\BOOKMARK [1][-]{section.2.1}{\376\377\000P\000r\000o\000b\000l\000e\000m\000a\000\040\000d\000o\000\040\000C\000a\000i\000x\000e\000i\000r\000o\000\040\000V\000i\000a\000j\000a\000n\000t\000e\000\040\000\050\000T\000S\000P\000\051}{chapter.2}% 5
\BOOKMARK [1][-]{section.2.2}{\376\377\000E\000x\000t\000e\000n\000s\000\365\000e\000s\000\040\000d\000o\000\040\000T\000S\000P}{chapter.2}% 6
\BOOKMARK [1][-]{section.2.3}{\376\377\000D\000e\000f\000i\000n\000i\000\347\000\343\000o\000\040\000F\000o\000r\000m\000a\000l\000\040\000d\000o\000\040\000P\000r\000o\000b\000l\000e\000m\000a}{chapter.2}% 7
\BOOKMARK [1][-]{section.2.4}{\376\377\000C\000o\000m\000p\000l\000e\000x\000i\000d\000a\000d\000e\000\040\000C\000o\000m\000p\000u\000t\000a\000c\000i\000o\000n\000a\000l}{chapter.2}% 8
\BOOKMARK [0][-]{chapter.3}{\376\377\000M\000o\000d\000e\000l\000a\000g\000e\000m\000\040\000M\000a\000t\000e\000m\000\341\000t\000i\000c\000a}{}% 9
\BOOKMARK [1][-]{section.3.1}{\376\377\000V\000a\000r\000i\000\341\000v\000e\000i\000s\000\040\000d\000e\000\040\000D\000e\000c\000i\000s\000\343\000o}{chapter.3}% 10
\BOOKMARK [1][-]{section.3.2}{\376\377\000F\000u\000n\000\347\000\343\000o\000\040\000O\000b\000j\000e\000t\000i\000v\000o}{chapter.3}% 11
\BOOKMARK [1][-]{section.3.3}{\376\377\000R\000e\000s\000t\000r\000i\000\347\000\365\000e\000s}{chapter.3}% 12
\BOOKMARK [2][-]{subsection.3.3.1}{\376\377\000R\000e\000s\000t\000r\000i\000\347\000\365\000e\000s\000\040\000d\000e\000\040\000F\000l\000u\000x\000o}{section.3.3}% 13
\BOOKMARK [2][-]{subsection.3.3.2}{\376\377\000R\000e\000s\000t\000r\000i\000\347\000\365\000e\000s\000\040\000d\000e\000\040\000C\000o\000n\000e\000c\000t\000i\000v\000i\000d\000a\000d\000e}{section.3.3}% 14
\BOOKMARK [2][-]{subsection.3.3.3}{\376\377\000R\000e\000s\000t\000r\000i\000\347\000\365\000e\000s\000\040\000d\000e\000\040\000P\000a\000s\000s\000a\000g\000e\000i\000r\000o\000s}{section.3.3}% 15
\BOOKMARK [1][-]{section.3.4}{\376\377\000C\000o\000n\000s\000i\000d\000e\000r\000a\000\347\000\365\000e\000s\000\040\000P\000r\000\341\000t\000i\000c\000a\000s}{chapter.3}% 16
\BOOKMARK [1][-]{section.3.5}{\376\377\000E\000x\000t\000e\000n\000s\000\365\000e\000s\000\040\000d\000o\000\040\000M\000o\000d\000e\000l\000o}{chapter.3}% 17
\BOOKMARK [0][-]{chapter.4}{\376\377\000M\000\351\000t\000o\000d\000o\000s\000\040\000d\000e\000\040\000R\000e\000s\000o\000l\000u\000\347\000\343\000o}{}% 18
\BOOKMARK [1][-]{section.4.1}{\376\377\000M\000\351\000t\000o\000d\000o\000s\000\040\000E\000x\000a\000t\000o\000s}{chapter.4}% 19
\BOOKMARK [2][-]{subsection.4.1.1}{\376\377\000B\000r\000a\000n\000c\000h\000\040\000a\000n\000d\000\040\000B\000o\000u\000n\000d}{section.4.1}% 20
\BOOKMARK [2][-]{subsection.4.1.2}{\376\377\000P\000r\000o\000g\000r\000a\000m\000a\000\347\000\343\000o\000\040\000L\000i\000n\000e\000a\000r\000\040\000I\000n\000t\000e\000i\000r\000a}{section.4.1}% 21
\BOOKMARK [1][-]{section.4.2}{\376\377\000H\000e\000u\000r\000\355\000s\000t\000i\000c\000a\000s}{chapter.4}% 22
\BOOKMARK [2][-]{subsection.4.2.1}{\376\377\000H\000e\000u\000r\000\355\000s\000t\000i\000c\000a\000s\000\040\000C\000o\000n\000s\000t\000r\000u\000t\000i\000v\000a\000s}{section.4.2}% 23
\BOOKMARK [2][-]{subsection.4.2.2}{\376\377\000H\000e\000u\000r\000\355\000s\000t\000i\000c\000a\000s\000\040\000d\000e\000\040\000M\000e\000l\000h\000o\000r\000i\000a}{section.4.2}% 24
\BOOKMARK [1][-]{section.4.3}{\376\377\000M\000e\000t\000a\000h\000e\000u\000r\000\355\000s\000t\000i\000c\000a\000s}{chapter.4}% 25
\BOOKMARK [2][-]{subsection.4.3.1}{\376\377\000A\000l\000g\000o\000r\000i\000t\000m\000o\000s\000\040\000G\000e\000n\000\351\000t\000i\000c\000o\000s}{section.4.3}% 26
\BOOKMARK [2][-]{subsection.4.3.2}{\376\377\000S\000i\000m\000u\000l\000a\000t\000e\000d\000\040\000A\000n\000n\000e\000a\000l\000i\000n\000g}{section.4.3}% 27
\BOOKMARK [2][-]{subsection.4.3.3}{\376\377\000B\000u\000s\000c\000a\000\040\000T\000a\000b\000u}{section.4.3}% 28
\BOOKMARK [1][-]{section.4.4}{\376\377\000M\000\351\000t\000o\000d\000o\000s\000\040\000H\000\355\000b\000r\000i\000d\000o\000s}{chapter.4}% 29
\BOOKMARK [0][-]{chapter.5}{\376\377\000R\000e\000s\000u\000l\000t\000a\000d\000o\000s\000\040\000e\000\040\000D\000i\000s\000c\000u\000s\000s\000\343\000o}{}% 30
\BOOKMARK [1][-]{section.5.1}{\376\377\000R\000e\000s\000u\000l\000t\000a\000d\000o\000s\000\040\000C\000o\000m\000p\000u\000t\000a\000c\000i\000o\000n\000a\000i\000s}{chapter.5}% 31
\BOOKMARK [2][-]{subsection.5.1.1}{\376\377\000A\000n\000\341\000l\000i\000s\000e\000\040\000C\000o\000m\000p\000a\000r\000a\000t\000i\000v\000a\000\040\000d\000o\000s\000\040\000M\000\351\000t\000o\000d\000o\000s}{section.5.1}% 32
\BOOKMARK [2][-]{subsection.5.1.2}{\376\377\000A\000n\000\341\000l\000i\000s\000e\000\040\000d\000e\000\040\000D\000e\000s\000e\000m\000p\000e\000n\000h\000o}{section.5.1}% 33
\BOOKMARK [1][-]{section.5.2}{\376\377\000D\000i\000s\000c\000u\000s\000s\000\343\000o}{chapter.5}% 34
\BOOKMARK [2][-]{subsection.5.2.1}{\376\377\000I\000m\000p\000l\000i\000c\000a\000\347\000\365\000e\000s\000\040\000T\000e\000\363\000r\000i\000c\000a\000s}{section.5.2}% 35
\BOOKMARK [2][-]{subsection.5.2.2}{\376\377\000I\000m\000p\000l\000i\000c\000a\000\347\000\365\000e\000s\000\040\000P\000r\000\341\000t\000i\000c\000a\000s}{section.5.2}% 36
\BOOKMARK [2][-]{subsection.5.2.3}{\376\377\000L\000i\000m\000i\000t\000a\000\347\000\365\000e\000s\000\040\000e\000\040\000D\000e\000s\000a\000f\000i\000o\000s}{section.5.2}% 37
\BOOKMARK [1][-]{section.5.3}{\376\377\000D\000i\000r\000e\000\347\000\365\000e\000s\000\040\000F\000u\000t\000u\000r\000a\000s}{chapter.5}% 38
\BOOKMARK [0][-]{chapter.6}{\376\377\000C\000o\000n\000c\000l\000u\000s\000\343\000o}{}% 39
\BOOKMARK [1][-]{section.6.1}{\376\377\000S\000\355\000n\000t\000e\000s\000e\000\040\000d\000o\000s\000\040\000R\000e\000s\000u\000l\000t\000a\000d\000o\000s}{chapter.6}% 40
\BOOKMARK [1][-]{section.6.2}{\376\377\000C\000o\000n\000t\000r\000i\000b\000u\000i\000\347\000\365\000e\000s}{chapter.6}% 41
\BOOKMARK [1][-]{section.6.3}{\376\377\000C\000o\000n\000s\000i\000d\000e\000r\000a\000\347\000\365\000e\000s\000\040\000F\000i\000n\000a\000i\000s}{chapter.6}% 42
\BOOKMARK [1][-]{section.6.4}{\376\377\000R\000e\000c\000o\000m\000e\000n\000d\000a\000\347\000\365\000e\000s}{chapter.6}% 43
\BOOKMARK [0][-]{section.6.4}{\376\377\000R\000e\000f\000e\000r\000\352\000n\000c\000i\000a\000s\000\040\000B\000i\000b\000l\000i\000o\000g\000r\000\341\000f\000i\000c\000a\000s}{}% 44
>>>>>>> 514f4f3 (adding stuff)
